# JRE version: 7.0_07-b11
# Java VM: Java HotSpot(TM) 64-Bit Server VM (23.3-b01 mixed mode windows-amd64 compressed oops)
Heap
 PSYoungGen      total 100800K, used 6977K [0x00000000e0760000, 0x00000000edf40000, 0x0000000100000000)
  eden space 96768K, 3% used [0x00000000e0760000,0x00000000e0a44638,0x00000000e65e0000)
  from space 4032K, 99% used [0x00000000e65e0000,0x00000000e69cc030,0x00000000e69d0000)
  to   space 13760K, 0% used [0x00000000ed1d0000,0x00000000ed1d0000,0x00000000edf40000)
 ParOldGen       total 64576K, used 27421K [0x00000000a1600000, 0x00000000a5510000, 0x00000000e0760000)
  object space 64576K, 42% used [0x00000000a1600000,0x00000000a30c7568,0x00000000a5510000)
 PSPermGen       total 28736K, used 28680K [0x000000009c400000, 0x000000009e010000, 0x00000000a1600000)
  object space 28736K, 99% used [0x000000009c400000,0x000000009e0020c0,0x000000009e010000)
GC Heap History (10 events):
Event: 2.049 GC heap before
{Heap before GC invocations=1 (full 0):
 PSYoungGen      total 28224K, used 24192K [0x00000000e0760000, 0x00000000e26e0000, 0x0000000100000000)
  eden space 24192K, 100% used [0x00000000e0760000,0x00000000e1f00000,0x00000000e1f00000)
  from space 4032K, 0% used [0x00000000e22f0000,0x00000000e22f0000,0x00000000e26e0000)
  to   space 4032K, 0% used [0x00000000e1f00000,0x00000000e1f00000,0x00000000e22f0000)
 ParOldGen       total 64576K, used 0K [0x00000000a1600000, 0x00000000a5510000, 0x00000000e0760000)
  object space 64576K, 0% used [0x00000000a1600000,0x00000000a1600000,0x00000000a5510000)
 PSPermGen       total 21248K, used 9006K [0x000000009c400000, 0x000000009d8c0000, 0x00000000a1600000)
  object space 21248K, 42% used [0x000000009c400000,0x000000009cccb840,0x000000009d8c0000)
Event: 2.077 GC heap after
Heap after GC invocations=1 (full 0):
 PSYoungGen      total 28224K, used 4020K [0x00000000e0760000, 0x00000000e3e80000, 0x0000000100000000)
  eden space 24192K, 0% used [0x00000000e0760000,0x00000000e0760000,0x00000000e1f00000)
  from space 4032K, 99% used [0x00000000e1f00000,0x00000000e22ed170,0x00000000e22f0000)
  to   space 4032K, 0% used [0x00000000e3a90000,0x00000000e3a90000,0x00000000e3e80000)
 ParOldGen       total 64576K, used 3020K [0x00000000a1600000, 0x00000000a5510000, 0x00000000e0760000)
  object space 64576K, 4% used [0x00000000a1600000,0x00000000a18f3118,0x00000000a5510000)
 PSPermGen       total 21248K, used 9006K [0x000000009c400000, 0x000000009d8c0000, 0x00000000a1600000)
  object space 21248K, 42% used [0x000000009c400000,0x000000009cccb840,0x000000009d8c0000)
}
Event: 2.642 GC heap before
{Heap before GC invocations=2 (full 0):
 PSYoungGen      total 28224K, used 28212K [0x00000000e0760000, 0x00000000e3e80000, 0x0000000100000000)
  eden space 24192K, 100% used [0x00000000e0760000,0x00000000e1f00000,0x00000000e1f00000)
  from space 4032K, 99% used [0x00000000e1f00000,0x00000000e22ed170,0x00000000e22f0000)
  to   space 4032K, 0% used [0x00000000e3a90000,0x00000000e3a90000,0x00000000e3e80000)
 ParOldGen       total 64576K, used 3020K [0x00000000a1600000, 0x00000000a5510000, 0x00000000e0760000)
  object space 64576K, 4% used [0x00000000a1600000,0x00000000a18f3118,0x00000000a5510000)
 PSPermGen       total 21248K, used 13444K [0x000000009c400000, 0x000000009d8c0000, 0x00000000a1600000)
  object space 21248K, 63% used [0x000000009c400000,0x000000009d1211e0,0x000000009d8c0000)
Event: 2.656 GC heap after
Heap after GC invocations=2 (full 0):
 PSYoungGen      total 52416K, used 4028K [0x00000000e0760000, 0x00000000e3e80000, 0x0000000100000000)
  eden space 48384K, 0% used [0x00000000e0760000,0x00000000e0760000,0x00000000e36a0000)
  from space 4032K, 99% used [0x00000000e3a90000,0x00000000e3e7f320,0x00000000e3e80000)
  to   space 4032K, 0% used [0x00000000e36a0000,0x00000000e36a0000,0x00000000e3a90000)
 ParOldGen       total 64576K, used 6764K [0x00000000a1600000, 0x00000000a5510000, 0x00000000e0760000)
  object space 64576K, 10% used [0x00000000a1600000,0x00000000a1c9b1c8,0x00000000a5510000)
 PSPermGen       total 21248K, used 13444K [0x000000009c400000, 0x000000009d8c0000, 0x00000000a1600000)
  object space 21248K, 63% used [0x000000009c400000,0x000000009d1211e0,0x000000009d8c0000)
}
Event: 4.342 GC heap before
{Heap before GC invocations=3 (full 0):
 PSYoungGen      total 52416K, used 52412K [0x00000000e0760000, 0x00000000e3e80000, 0x0000000100000000)
  eden space 48384K, 100% used [0x00000000e0760000,0x00000000e36a0000,0x00000000e36a0000)
  from space 4032K, 99% used [0x00000000e3a90000,0x00000000e3e7f320,0x00000000e3e80000)
  to   space 4032K, 0% used [0x00000000e36a0000,0x00000000e36a0000,0x00000000e3a90000)
 ParOldGen       total 64576K, used 6764K [0x00000000a1600000, 0x00000000a5510000, 0x00000000e0760000)
  object space 64576K, 10% used [0x00000000a1600000,0x00000000a1c9b1c8,0x00000000a5510000)
 PSPermGen       total 21248K, used 18147K [0x000000009c400000, 0x000000009d8c0000, 0x00000000a1600000)
  object space 21248K, 85% used [0x000000009c400000,0x000000009d5b8fd0,0x000000009d8c0000)
Event: 4.361 GC heap after
Heap after GC invocations=3 (full 0):
 PSYoungGen      total 52416K, used 4016K [0x00000000e0760000, 0x00000000e6dc0000, 0x0000000100000000)
  eden space 48384K, 0% used [0x00000000e0760000,0x00000000e0760000,0x00000000e36a0000)
  from space 4032K, 99% used [0x00000000e36a0000,0x00000000e3a8c030,0x00000000e3a90000)
  to   space 4032K, 0% used [0x00000000e69d0000,0x00000000e69d0000,0x00000000e6dc0000)
 ParOldGen       total 64576K, used 12384K [0x00000000a1600000, 0x00000000a5510000, 0x00000000e0760000)
  object space 64576K, 19% used [0x00000000a1600000,0x00000000a2218100,0x00000000a5510000)
 PSPermGen       total 21248K, used 18147K [0x000000009c400000, 0x000000009d8c0000, 0x00000000a1600000)
  object space 21248K, 85% used [0x000000009c400000,0x000000009d5b8fd0,0x000000009d8c0000)
}
Event: 5.624 GC heap before
{Heap before GC invocations=4 (full 0):
 PSYoungGen      total 52416K, used 52400K [0x00000000e0760000, 0x00000000e6dc0000, 0x0000000100000000)
  eden space 48384K, 100% used [0x00000000e0760000,0x00000000e36a0000,0x00000000e36a0000)
  from space 4032K, 99% used [0x00000000e36a0000,0x00000000e3a8c030,0x00000000e3a90000)
  to   space 4032K, 0% used [0x00000000e69d0000,0x00000000e69d0000,0x00000000e6dc0000)
 ParOldGen       total 64576K, used 12384K [0x00000000a1600000, 0x00000000a5510000, 0x00000000e0760000)
  object space 64576K, 19% used [0x00000000a1600000,0x00000000a2218100,0x00000000a5510000)
 PSPermGen       total 22400K, used 22309K [0x000000009c400000, 0x000000009d9e0000, 0x00000000a1600000)
  object space 22400K, 99% used [0x000000009c400000,0x000000009d9c9440,0x000000009d9e0000)
Event: 5.644 GC heap after
Heap after GC invocations=4 (full 0):
 PSYoungGen      total 100800K, used 4016K [0x00000000e0760000, 0x00000000e6dc0000, 0x0000000100000000)
  eden space 96768K, 0% used [0x00000000e0760000,0x00000000e0760000,0x00000000e65e0000)
  from space 4032K, 99% used [0x00000000e69d0000,0x00000000e6dbc010,0x00000000e6dc0000)
  to   space 4032K, 0% used [0x00000000e65e0000,0x00000000e65e0000,0x00000000e69d0000)
 ParOldGen       total 64576K, used 17439K [0x00000000a1600000, 0x00000000a5510000, 0x00000000e0760000)
  object space 64576K, 27% used [0x00000000a1600000,0x00000000a2707d60,0x00000000a5510000)
 PSPermGen       total 22400K, used 22309K [0x000000009c400000, 0x000000009d9e0000, 0x00000000a1600000)
  object space 22400K, 99% used [0x000000009c400000,0x000000009d9c9440,0x000000009d9e0000)
}
Event: 582.245 GC heap before
{Heap before GC invocations=5 (full 0):
 PSYoungGen      total 100800K, used 100784K [0x00000000e0760000, 0x00000000e6dc0000, 0x0000000100000000)
  eden space 96768K, 100% used [0x00000000e0760000,0x00000000e65e0000,0x00000000e65e0000)
  from space 4032K, 99% used [0x00000000e69d0000,0x00000000e6dbc010,0x00000000e6dc0000)
  to   space 4032K, 0% used [0x00000000e65e0000,0x00000000e65e0000,0x00000000e69d0000)
 ParOldGen       total 64576K, used 17439K [0x00000000a1600000, 0x00000000a5510000, 0x00000000e0760000)
  object space 64576K, 27% used [0x00000000a1600000,0x00000000a2707d60,0x00000000a5510000)
 PSPermGen       total 28736K, used 28649K [0x000000009c400000, 0x000000009e010000, 0x00000000a1600000)
  object space 28736K, 99% used [0x000000009c400000,0x000000009dffa728,0x000000009e010000)
Event: 582.306 GC heap after
Heap after GC invocations=5 (full 0):
 PSYoungGen      total 100800K, used 4016K [0x00000000e0760000, 0x00000000edf40000, 0x0000000100000000)
  eden space 96768K, 0% used [0x00000000e0760000,0x00000000e0760000,0x00000000e65e0000)
  from space 4032K, 99% used [0x00000000e65e0000,0x00000000e69cc030,0x00000000e69d0000)
  to   space 13760K, 0% used [0x00000000ed1d0000,0x00000000ed1d0000,0x00000000edf40000)
 ParOldGen       total 64576K, used 27421K [0x00000000a1600000, 0x00000000a5510000, 0x00000000e0760000)
  object space 64576K, 42% used [0x00000000a1600000,0x00000000a30c7568,0x00000000a5510000)
 PSPermGen       total 28736K, used 28649K [0x000000009c400000, 0x000000009e010000, 0x00000000a1600000)
  object space 28736K, 99% used [0x000000009c400000,0x000000009dffa728,0x000000009e010000)
}

